app/build/intermediates/manifest_merge_blame_file/debug/manifest-merger-blame-debug-report.txt
1<?xml version="1.0" encoding="utf-8"?>
2<!--
3 Copyright (c) 2017 The LineageOS Project
4
5     Licensed under the Apache License, Version 2.0 (the "License");
6     you may not use this file except in compliance with the License.
7     You may obtain a copy of the License at
8
9         http://www.apache.org/licenses/LICENSE-2.0
10
11     Unless required by applicable law or agreed to in writing, software
12     distributed under the License is distributed on an "AS IS" BASIS,
13     WITHOUT WARRANTIES OR CONDITIONS OF ANY KIND, either express or implied.
14     See the License for the specific language governing permissions and
15     limitations under the License.
16-->
17<manifest xmlns:android="http://schemas.android.com/apk/res/android"
18    package="org.lineageos.recorder"
19    android:versionCode="1"
20    android:versionName="1.1" > <!-- This is needed for aosp build env -->
21    <uses-sdk
21-->src/main/AndroidManifest.xml:27:5-48
22        android:minSdkVersion="29"
22-->src/main/AndroidManifest.xml:27:5-48
23        android:targetSdkVersion="29" />
23-->src/main/AndroidManifest.xml:27:5-48
24
25    <uses-permission android:name="android.permission.FOREGROUND_SERVICE" />
25-->src/main/AndroidManifest.xml:20:5-77
25-->src/main/AndroidManifest.xml:20:22-74
26    <uses-permission android:name="android.permission.READ_PHONE_STATE" />
26-->src/main/AndroidManifest.xml:21:5-75
26-->src/main/AndroidManifest.xml:21:22-72
27    <uses-permission android:name="android.permission.RECORD_AUDIO" />
27-->src/main/AndroidManifest.xml:22:5-71
27-->src/main/AndroidManifest.xml:22:22-68
28    <uses-permission android:name="android.permission.SYSTEM_ALERT_WINDOW" />
28-->src/main/AndroidManifest.xml:23:5-78
28-->src/main/AndroidManifest.xml:23:22-75
29    <uses-permission android:name="android.permission.WAKE_LOCK" />
29-->src/main/AndroidManifest.xml:24:5-68
29-->src/main/AndroidManifest.xml:24:22-65
30
31    <application
31-->src/main/AndroidManifest.xml:29:5-103:19
32        android:allowBackup="false"
32-->src/main/AndroidManifest.xml:30:9-36
33        android:appComponentFactory="androidx.core.app.CoreComponentFactory"
33-->[androidx.core:core:1.1.0] AndroidManifest.xml:24:18-86
34        android:debuggable="true"
35        android:icon="@mipmap/ic_launcher"
35-->src/main/AndroidManifest.xml:31:9-43
36        android:label="@string/app_name"
36-->src/main/AndroidManifest.xml:32:9-41
37        android:supportsRtl="true"
37-->src/main/AndroidManifest.xml:33:9-35
38        android:theme="@style/AppTheme" >
38-->src/main/AndroidManifest.xml:34:9-40
39        <activity
39-->src/main/AndroidManifest.xml:37:9-53:20
40            android:name="org.lineageos.recorder.RecorderActivity"
40-->src/main/AndroidManifest.xml:38:13-45
41            android:configChanges="uiMode"
41-->src/main/AndroidManifest.xml:42:13-43
42            android:label="@string/app_name"
42-->src/main/AndroidManifest.xml:39:13-45
43            android:launchMode="singleInstance"
43-->src/main/AndroidManifest.xml:41:13-48
44            android:theme="@style/AppTheme.NoActionBar" >
44-->src/main/AndroidManifest.xml:40:13-56
45            <intent-filter>
45-->src/main/AndroidManifest.xml:43:13-52:29
46                <action android:name="android.intent.action.MAIN" />
46-->src/main/AndroidManifest.xml:44:17-69
46-->src/main/AndroidManifest.xml:44:25-66
47                <action android:name="android.intent.action.PHONE_STATE" />
47-->src/main/AndroidManifest.xml:45:17-76
47-->src/main/AndroidManifest.xml:45:25-73
48                <action android:name="android.provider.MediaStore.RECORD_SOUND" />
48-->src/main/AndroidManifest.xml:46:17-83
48-->src/main/AndroidManifest.xml:46:25-80
49                <action android:name="org.lineageos.recorder.server.display.SCAN" />
49-->src/main/AndroidManifest.xml:47:17-85
49-->src/main/AndroidManifest.xml:47:25-82
50                <action android:name="android.service.quicksettings.action.QS_TILE_PREFERENCES" />
50-->src/main/AndroidManifest.xml:48:17-98
50-->src/main/AndroidManifest.xml:48:25-96
51
52                <category android:name="android.intent.category.DEFAULT" />
52-->src/main/AndroidManifest.xml:50:17-76
52-->src/main/AndroidManifest.xml:50:27-73
53                <category android:name="android.intent.category.LAUNCHER" />
53-->src/main/AndroidManifest.xml:51:17-77
53-->src/main/AndroidManifest.xml:51:27-74
54            </intent-filter>
55        </activity>
56        <activity
56-->src/main/AndroidManifest.xml:55:9-58:62
57            android:name="org.lineageos.recorder.DialogActivity"
57-->src/main/AndroidManifest.xml:56:13-43
58            android:excludeFromRecents="true"
58-->src/main/AndroidManifest.xml:57:13-46
59            android:theme="@style/AppTheme.DialogActivity" />
59-->src/main/AndroidManifest.xml:58:13-59
60
61        <!-- Sound recorder -->
62        <service android:name="org.lineageos.recorder.sounds.SoundRecorderService" />
62-->src/main/AndroidManifest.xml:61:9-64
62-->src/main/AndroidManifest.xml:61:18-61
63
64        <!-- Screen recorder -->
65        <service
65-->src/main/AndroidManifest.xml:64:9-67:63
66            android:name="org.lineageos.recorder.screen.ScreencastService"
66-->src/main/AndroidManifest.xml:65:13-53
67            android:enabled="true"
67-->src/main/AndroidManifest.xml:66:13-35
68            android:foregroundServiceType="mediaProjection" />
68-->src/main/AndroidManifest.xml:67:13-60
69
70        <!-- Screen recorder overlay -->
71        <service android:name="org.lineageos.recorder.screen.OverlayService" />
71-->src/main/AndroidManifest.xml:70:9-71:53
71-->src/main/AndroidManifest.xml:71:13-50
72
73        <!-- Screen recorder tile -->
74        <service
74-->src/main/AndroidManifest.xml:74:9-83:19
75            android:name="org.lineageos.recorder.screen.RecorderTileService"
75-->src/main/AndroidManifest.xml:75:13-77
76            android:icon="@drawable/ic_recorder_tile"
76-->src/main/AndroidManifest.xml:76:13-54
77            android:label="@string/main_screen_action"
77-->src/main/AndroidManifest.xml:77:13-55
78            android:permission="android.permission.BIND_QUICK_SETTINGS_TILE" >
78-->src/main/AndroidManifest.xml:78:13-77
79            <intent-filter>
79-->src/main/AndroidManifest.xml:79:13-82:29
80                <action android:name="android.service.quicksettings.action.QS_TILE" />
80-->src/main/AndroidManifest.xml:80:17-81:82
80-->src/main/AndroidManifest.xml:81:21-80
81            </intent-filter>
82        </service>
83
84        <receiver
84-->src/main/AndroidManifest.xml:85:9-92:20
85            android:name="org.lineageos.recorder.screen.ScreencastStartReceiver"
85-->src/main/AndroidManifest.xml:86:13-59
86            android:permission="android.permission.CAPTURE_SECURE_VIDEO_OUTPUT" >
86-->src/main/AndroidManifest.xml:87:13-80
87            <intent-filter>
87-->src/main/AndroidManifest.xml:88:13-91:29
88                <action android:name="org.lineageos.recorder.screen.ACTION_START_SCREENCAST" />
88-->src/main/AndroidManifest.xml:89:17-96
88-->src/main/AndroidManifest.xml:89:25-93
89                <action android:name="org.lineageos.recorder.screen.ACTION_STOP_SCREENCAST" />
89-->src/main/AndroidManifest.xml:90:17-95
89-->src/main/AndroidManifest.xml:90:25-92
90            </intent-filter>
91        </receiver>
92        <receiver android:name="org.lineageos.recorder.screen.RecordTileReceiver" />
92-->src/main/AndroidManifest.xml:94:9-63
92-->src/main/AndroidManifest.xml:94:19-60
93        <receiver
93-->src/main/AndroidManifest.xml:96:9-102:20
94            android:name="org.lineageos.recorder.screen.ScreencastControlReceiver"
94-->src/main/AndroidManifest.xml:97:13-61
95            android:permission="android.permission.CAPTURE_SECURE_VIDEO_OUTPUT" >
95-->src/main/AndroidManifest.xml:98:13-80
96            <intent-filter>
96-->src/main/AndroidManifest.xml:99:13-101:29
97                <action android:name="org.lineageos.recorder.screen.ACTION_STOP_SCREENCAST" />
97-->src/main/AndroidManifest.xml:90:17-95
97-->src/main/AndroidManifest.xml:90:25-92
98            </intent-filter>
99        </receiver>
100    </application>
101
102</manifest>